This file contains any messages produced by compilers while
running configure, to aid debugging if configure makes a mistake.

It was created by libhello configure 1.0, which was
generated by GNU Autoconf 2.69.  Invocation command line was

  $ ../configure --prefix=/home/estalvgs/Documentos/tec/ce5303-sistemas-embebidos/CE5303-embedded-systems-studio/assignment_04/sample/home/user/libhello/build/usr

## --------- ##
## Platform. ##
## --------- ##

hostname = estalvgs-ThinkPad-T440
uname -m = x86_64
uname -r = 5.4.0-105-generic
uname -s = Linux
uname -v = #119-Ubuntu SMP Mon Mar 7 18:49:24 UTC 2022

/usr/bin/uname -p = x86_64
/bin/uname -X     = unknown

/bin/arch              = x86_64
/usr/bin/arch -k       = unknown
/usr/convex/getsysinfo = unknown
/usr/bin/hostinfo      = unknown
/bin/machine           = unknown
/usr/bin/oslevel       = unknown
/bin/universe          = unknown

PATH: /usr/local/sbin
PATH: /usr/local/bin
PATH: /usr/sbin
PATH: /usr/bin
PATH: /sbin
PATH: /bin
PATH: /usr/games
PATH: /usr/local/games
PATH: /snap/bin
PATH: /home/estalvgs/.dotnet/tools


## ----------- ##
## Core tests. ##
## ----------- ##

configure:2175: checking for a BSD-compatible install
configure:2243: result: /usr/bin/install -c
configure:2254: checking whether build environment is sane
configure:2309: result: yes
configure:2458: checking for a thread-safe mkdir -p
configure:2497: result: /usr/bin/mkdir -p
configure:2504: checking for gawk
configure:2520: found /usr/bin/gawk
configure:2531: result: gawk
configure:2542: checking whether make sets $(MAKE)
configure:2564: result: yes
configure:2593: checking whether make supports nested variables
configure:2610: result: yes
configure:2784: checking for gcc
configure:2800: found /usr/bin/gcc
configure:2811: result: gcc
configure:3040: checking for C compiler version
configure:3049: gcc --version >&5
gcc (Ubuntu 9.4.0-1ubuntu1~20.04.1) 9.4.0
Copyright (C) 2019 Free Software Foundation, Inc.
This is free software; see the source for copying conditions.  There is NO
warranty; not even for MERCHANTABILITY or FITNESS FOR A PARTICULAR PURPOSE.

configure:3060: $? = 0
configure:3049: gcc -v >&5
Using built-in specs.
COLLECT_GCC=gcc
COLLECT_LTO_WRAPPER=/usr/lib/gcc/x86_64-linux-gnu/9/lto-wrapper
OFFLOAD_TARGET_NAMES=nvptx-none:hsa
OFFLOAD_TARGET_DEFAULT=1
Target: x86_64-linux-gnu
Configured with: ../src/configure -v --with-pkgversion='Ubuntu 9.4.0-1ubuntu1~20.04.1' --with-bugurl=file:///usr/share/doc/gcc-9/README.Bugs --enable-languages=c,ada,c++,go,brig,d,fortran,objc,obj-c++,gm2 --prefix=/usr --with-gcc-major-version-only --program-suffix=-9 --program-prefix=x86_64-linux-gnu- --enable-shared --enable-linker-build-id --libexecdir=/usr/lib --without-included-gettext --enable-threads=posix --libdir=/usr/lib --enable-nls --enable-clocale=gnu --enable-libstdcxx-debug --enable-libstdcxx-time=yes --with-default-libstdcxx-abi=new --enable-gnu-unique-object --disable-vtable-verify --enable-plugin --enable-default-pie --with-system-zlib --with-target-system-zlib=auto --enable-objc-gc=auto --enable-multiarch --disable-werror --with-arch-32=i686 --with-abi=m64 --with-multilib-list=m32,m64,mx32 --enable-multilib --with-tune=generic --enable-offload-targets=nvptx-none=/build/gcc-9-Av3uEd/gcc-9-9.4.0/debian/tmp-nvptx/usr,hsa --without-cuda-driver --enable-checking=release --build=x86_64-linux-gnu --host=x86_64-linux-gnu --target=x86_64-linux-gnu
Thread model: posix
gcc version 9.4.0 (Ubuntu 9.4.0-1ubuntu1~20.04.1) 
configure:3060: $? = 0
configure:3049: gcc -V >&5
gcc: error: unrecognized command line option '-V'
gcc: fatal error: no input files
compilation terminated.
configure:3060: $? = 1
configure:3049: gcc -qversion >&5
gcc: error: unrecognized command line option '-qversion'; did you mean '--version'?
gcc: fatal error: no input files
compilation terminated.
configure:3060: $? = 1
configure:3080: checking whether the C compiler works
configure:3102: gcc    conftest.c  >&5
configure:3106: $? = 0
configure:3154: result: yes
configure:3157: checking for C compiler default output file name
configure:3159: result: a.out
configure:3165: checking for suffix of executables
configure:3172: gcc -o conftest    conftest.c  >&5
configure:3176: $? = 0
configure:3198: result: 
configure:3220: checking whether we are cross compiling
configure:3228: gcc -o conftest    conftest.c  >&5
configure:3232: $? = 0
configure:3239: ./conftest
configure:3243: $? = 0
configure:3231: result: no
configure:3236: checking for suffix of object files
configure:3258: gcc -c   conftest.c >&5
configure:3262: $? = 0
configure:3283: result: o
configure:3287: checking whether we are using the GNU C compiler
configure:3306: gcc -c   conftest.c >&5
configure:3306: $? = 0
configure:3315: result: yes
configure:3324: checking whether gcc accepts -g
configure:3344: gcc -c -g  conftest.c >&5
configure:3344: $? = 0
configure:3385: result: yes
configure:3402: checking for gcc option to accept ISO C89
configure:3465: gcc  -c -g -O2  conftest.c >&5
configure:3465: $? = 0
configure:3478: result: none needed
configure:3503: checking whether gcc understands -c and -o together
configure:3525: gcc -c conftest.c -o conftest2.o
configure:3528: $? = 0
configure:3525: gcc -c conftest.c -o conftest2.o
configure:3528: $? = 0
configure:3540: result: yes
configure:3560: checking whether make supports the include directive
configure:3575: make -f confmf.GNU && cat confinc.out
this is the am__doit target
configure:3578: $? = 0
configure:3597: result: yes (GNU style)
configure:3622: checking dependency style of gcc
configure:3733: result: gcc3
configure:3798: checking for ar
configure:3814: found /usr/bin/ar
configure:3825: result: ar
configure:3851: checking the archiver (ar) interface
configure:3867: gcc -c -g -O2  conftest.c >&5
configure:3867: $? = 0
configure:3869: ar cru libconftest.a conftest.o >&5
ar: `u' modifier ignored since `D' is the default (see `U')
configure:3872: $? = 0
configure:3871: result: ar
configure:3920: checking build system type
configure:3934: result: x86_64-pc-linux-gnu
configure:3954: checking host system type
configure:3967: result: x86_64-pc-linux-gnu
configure:4008: checking how to print strings
configure:4035: result: printf
configure:4056: checking for a sed that does not truncate output
configure:4120: result: /usr/bin/sed
configure:4138: checking for grep that handles long lines and -e
configure:4196: result: /usr/bin/grep
configure:4201: checking for egrep
configure:4263: result: /usr/bin/grep -E
configure:4268: checking for fgrep
configure:4330: result: /usr/bin/grep -F
configure:4365: checking for ld used by gcc
configure:4432: result: /usr/bin/ld
configure:4439: checking if the linker (/usr/bin/ld) is GNU ld
configure:4454: result: yes
configure:4466: checking for BSD- or MS-compatible name lister (nm)
configure:4520: result: /usr/bin/nm -B
configure:4650: checking the name lister (/usr/bin/nm -B) interface
configure:4657: gcc -c -g -O2  conftest.c >&5
configure:4660: /usr/bin/nm -B "conftest.o"
configure:4663: output
0000000000000000 B some_variable
configure:4664: result: BSD nm
configure:4667: checking whether ln -s works
configure:4671: result: yes
configure:4679: checking the maximum length of command line arguments
configure:4810: result: 1572864
configure:4858: checking how to convert x86_64-pc-linux-gnu file names to x86_64-pc-linux-gnu format
configure:4898: result: func_convert_file_noop
configure:4905: checking how to convert x86_64-pc-linux-gnu file names to toolchain format
configure:4925: result: func_convert_file_noop
configure:4932: checking for /usr/bin/ld option to reload object files
configure:4939: result: -r
configure:5013: checking for objdump
configure:5029: found /usr/bin/objdump
configure:5040: result: objdump
configure:5072: checking how to recognize dependent libraries
configure:5272: result: pass_all
configure:5357: checking for dlltool
configure:5387: result: no
configure:5417: checking how to associate runtime and link libraries
configure:5444: result: printf %s\n
configure:5568: checking for archiver @FILE support
configure:5585: gcc -c -g -O2  conftest.c >&5
configure:5585: $? = 0
configure:5588: ar cr libconftest.a @conftest.lst >&5
configure:5591: $? = 0
configure:5596: ar cr libconftest.a @conftest.lst >&5
ar: conftest.o: No such file or directory
configure:5599: $? = 1
configure:5598: result: @
configure:5656: checking for strip
configure:5672: found /usr/bin/strip
configure:5683: result: strip
configure:5755: checking for ranlib
configure:5771: found /usr/bin/ranlib
configure:5782: result: ranlib
configure:5884: checking command to parse /usr/bin/nm -B output from gcc object
configure:6037: gcc -c -g -O2  conftest.c >&5
configure:6040: $? = 0
configure:6044: /usr/bin/nm -B conftest.o | sed -n -e 's/^.*[	 ]\([ABCDGIRSTW][ABCDGIRSTW]*\)[	 ][	 ]*\([_A-Za-z][_A-Za-z0-9]*\)$/\1 \2 \2/p' | sed '/ __gnu_lto/d' > conftest.nm
configure:6110: gcc -o conftest -g -O2   conftest.c conftstm.o >&5
configure:6113: $? = 0
configure:6151: result: ok
configure:6198: checking for sysroot
configure:6228: result: no
configure:6235: checking for a working dd
configure:6273: result: /usr/bin/dd
configure:6277: checking how to truncate binary pipes
configure:6292: result: /usr/bin/dd bs=4096 count=1
configure:6428: gcc -c -g -O2  conftest.c >&5
configure:6431: $? = 0
configure:6621: checking for mt
configure:6637: found /usr/bin/mt
configure:6648: result: mt
configure:6671: checking if mt is a manifest tool
configure:6677: mt '-?'
configure:6685: result: no
configure:7362: checking how to run the C preprocessor
configure:7393: gcc -E  conftest.c
configure:7393: $? = 0
configure:7407: gcc -E  conftest.c
conftest.c:11:10: fatal error: ac_nonexistent.h: No such file or directory
   11 | #include <ac_nonexistent.h>
      |          ^~~~~~~~~~~~~~~~~~
compilation terminated.
configure:7407: $? = 1
configure: failed program was:
| /* confdefs.h */
| #define PACKAGE_NAME "libhello"
| #define PACKAGE_TARNAME "libhello"
| #define PACKAGE_VERSION "1.0"
| #define PACKAGE_STRING "libhello 1.0"
| #define PACKAGE_BUGREPORT "estalvgs1999@estudiantec.cr"
| #define PACKAGE_URL ""
| #define PACKAGE "libhello"
| #define VERSION "1.0"
| /* end confdefs.h.  */
| #include <ac_nonexistent.h>
configure:7432: result: gcc -E
configure:7452: gcc -E  conftest.c
configure:7452: $? = 0
configure:7466: gcc -E  conftest.c
conftest.c:11:10: fatal error: ac_nonexistent.h: No such file or directory
   11 | #include <ac_nonexistent.h>
      |          ^~~~~~~~~~~~~~~~~~
compilation terminated.
configure:7466: $? = 1
configure: failed program was:
| /* confdefs.h */
| #define PACKAGE_NAME "libhello"
| #define PACKAGE_TARNAME "libhello"
| #define PACKAGE_VERSION "1.0"
| #define PACKAGE_STRING "libhello 1.0"
| #define PACKAGE_BUGREPORT "estalvgs1999@estudiantec.cr"
| #define PACKAGE_URL ""
| #define PACKAGE "libhello"
| #define VERSION "1.0"
| /* end confdefs.h.  */
| #include <ac_nonexistent.h>
configure:7495: checking for ANSI C header files
configure:7515: gcc -c -g -O2  conftest.c >&5
configure:7515: $? = 0
configure:7588: gcc -o conftest -g -O2   conftest.c  >&5
configure:7588: $? = 0
configure:7588: ./conftest
configure:7588: $? = 0
configure:7599: result: yes
configure:7612: checking for sys/types.h
configure:7612: gcc -c -g -O2  conftest.c >&5
configure:7612: $? = 0
configure:7612: result: yes
configure:7612: checking for sys/stat.h
configure:7612: gcc -c -g -O2  conftest.c >&5
configure:7612: $? = 0
configure:7612: result: yes
configure:7612: checking for stdlib.h
configure:7612: gcc -c -g -O2  conftest.c >&5
configure:7612: $? = 0
configure:7612: result: yes
configure:7612: checking for string.h
configure:7612: gcc -c -g -O2  conftest.c >&5
configure:7612: $? = 0
configure:7612: result: yes
configure:7612: checking for memory.h
configure:7612: gcc -c -g -O2  conftest.c >&5
configure:7612: $? = 0
configure:7612: result: yes
configure:7612: checking for strings.h
configure:7612: gcc -c -g -O2  conftest.c >&5
configure:7612: $? = 0
configure:7612: result: yes
configure:7612: checking for inttypes.h
configure:7612: gcc -c -g -O2  conftest.c >&5
configure:7612: $? = 0
configure:7612: result: yes
configure:7612: checking for stdint.h
configure:7612: gcc -c -g -O2  conftest.c >&5
configure:7612: $? = 0
configure:7612: result: yes
configure:7612: checking for unistd.h
configure:7612: gcc -c -g -O2  conftest.c >&5
configure:7612: $? = 0
configure:7612: result: yes
configure:7626: checking for dlfcn.h
configure:7626: gcc -c -g -O2  conftest.c >&5
configure:7626: $? = 0
configure:7626: result: yes
configure:7882: checking for objdir
configure:7897: result: .libs
configure:8161: checking if gcc supports -fno-rtti -fno-exceptions
configure:8179: gcc -c -g -O2  -fno-rtti -fno-exceptions conftest.c >&5
cc1: warning: command line option '-fno-rtti' is valid for C++/D/ObjC++ but not for C
configure:8183: $? = 0
configure:8196: result: no
configure:8560: checking for gcc option to produce PIC
configure:8567: result: -fPIC -DPIC
configure:8575: checking if gcc PIC flag -fPIC -DPIC works
configure:8593: gcc -c -g -O2  -fPIC -DPIC -DPIC conftest.c >&5
configure:8597: $? = 0
configure:8610: result: yes
configure:8639: checking if gcc static flag -static works
configure:8667: result: yes
configure:8682: checking if gcc supports -c -o file.o
configure:8703: gcc -c -g -O2  -o out/conftest2.o conftest.c >&5
configure:8707: $? = 0
configure:8729: result: yes
configure:8737: checking if gcc supports -c -o file.o
configure:8784: result: yes
configure:8817: checking whether the gcc linker (/usr/bin/ld -m elf_x86_64) supports shared libraries
configure:10080: result: yes
configure:10117: checking whether -lc should be explicitly linked in
configure:10125: gcc -c -g -O2  conftest.c >&5
configure:10128: $? = 0
configure:10143: gcc -shared  -fPIC -DPIC conftest.o  -v -Wl,-soname -Wl,conftest -o conftest 2\>\&1 \| /usr/bin/grep  -lc  \>/dev/null 2\>\&1
configure:10146: $? = 0
configure:10160: result: no
configure:10320: checking dynamic linker characteristics
configure:10901: gcc -o conftest -g -O2   -Wl,-rpath -Wl,/foo conftest.c  >&5
configure:10901: $? = 0
configure:11150: result: GNU/Linux ld.so
configure:11272: checking how to hardcode library paths into programs
configure:11297: result: immediate
configure:11845: checking whether stripping libraries is possible
configure:11850: result: yes
configure:11885: checking if libtool supports shared libraries
configure:11887: result: yes
configure:11890: checking whether to build shared libraries
configure:11915: result: yes
configure:11918: checking whether to build static libraries
configure:11922: result: yes
configure:8840: checking that generated files are newer than configure
configure:8846: result: done
configure:8869: creating ./config.status

## ---------------------- ##
## Running config.status. ##
## ---------------------- ##

This file was extended by libhello config.status 1.0, which was
generated by GNU Autoconf 2.69.  Invocation command line was

  CONFIG_FILES    = 
  CONFIG_HEADERS  = 
  CONFIG_LINKS    = 
  CONFIG_COMMANDS = 
  $ ./config.status 

on estalvgs-ThinkPad-T440

config.status:1088: creating Makefile
config.status:1088: creating lib/Makefile
config.status:1088: creating src/Makefile
config.status:1088: creating config.h
config.status:1302: executing depfiles commands
config.status:1379: cd lib       && sed -e '/# am--include-marker/d' Makefile         | make -f - am--depfiles
config.status:1384: $? = 0
config.status:1379: cd src       && sed -e '/# am--include-marker/d' Makefile         | make -f - am--depfiles
config.status:1384: $? = 0
config.status:1302: executing libtool commands

## ---------------- ##
## Cache variables. ##
## ---------------- ##

ac_cv_build=x86_64-pc-linux-gnu
ac_cv_c_compiler_gnu=yes
ac_cv_env_CC_set=
ac_cv_env_CC_value=
ac_cv_env_CFLAGS_set=
ac_cv_env_CFLAGS_value=
ac_cv_env_CPPFLAGS_set=
ac_cv_env_CPPFLAGS_value=
ac_cv_env_CPP_set=
ac_cv_env_CPP_value=
ac_cv_env_LDFLAGS_set=
ac_cv_env_LDFLAGS_value=
ac_cv_env_LIBS_set=
ac_cv_env_LIBS_value=
ac_cv_env_LT_SYS_LIBRARY_PATH_set=
ac_cv_env_LT_SYS_LIBRARY_PATH_value=
ac_cv_env_build_alias_set=
ac_cv_env_build_alias_value=
ac_cv_env_host_alias_set=
ac_cv_env_host_alias_value=
ac_cv_env_target_alias_set=
ac_cv_env_target_alias_value=
ac_cv_header_dlfcn_h=yes
ac_cv_header_inttypes_h=yes
ac_cv_header_memory_h=yes
ac_cv_header_stdc=yes
ac_cv_header_stdint_h=yes
ac_cv_header_stdlib_h=yes
ac_cv_header_string_h=yes
ac_cv_header_strings_h=yes
ac_cv_header_sys_stat_h=yes
ac_cv_header_sys_types_h=yes
ac_cv_header_unistd_h=yes
ac_cv_host=x86_64-pc-linux-gnu
ac_cv_objext=o
ac_cv_path_EGREP='/usr/bin/grep -E'
ac_cv_path_FGREP='/usr/bin/grep -F'
ac_cv_path_GREP=/usr/bin/grep
ac_cv_path_SED=/usr/bin/sed
ac_cv_path_install='/usr/bin/install -c'
ac_cv_path_lt_DD=/usr/bin/dd
ac_cv_path_mkdir=/usr/bin/mkdir
ac_cv_prog_AWK=gawk
ac_cv_prog_CPP='gcc -E'
ac_cv_prog_ac_ct_AR=ar
ac_cv_prog_ac_ct_CC=gcc
ac_cv_prog_ac_ct_MANIFEST_TOOL=mt
ac_cv_prog_ac_ct_OBJDUMP=objdump
ac_cv_prog_ac_ct_RANLIB=ranlib
ac_cv_prog_ac_ct_STRIP=strip
ac_cv_prog_cc_c89=
ac_cv_prog_cc_g=yes
ac_cv_prog_make_make_set=yes
am_cv_CC_dependencies_compiler_type=gcc3
am_cv_ar_interface=ar
am_cv_make_support_nested_variables=yes
am_cv_prog_cc_c_o=yes
lt_cv_ar_at_file=@
lt_cv_archive_cmds_need_lc=no
lt_cv_deplibs_check_method=pass_all
lt_cv_file_magic_cmd='$MAGIC_CMD'
lt_cv_file_magic_test_file=
lt_cv_ld_reload_flag=-r
lt_cv_nm_interface='BSD nm'
lt_cv_objdir=.libs
lt_cv_path_LD=/usr/bin/ld
lt_cv_path_NM='/usr/bin/nm -B'
lt_cv_path_mainfest_tool=no
lt_cv_prog_compiler_c_o=yes
lt_cv_prog_compiler_pic='-fPIC -DPIC'
lt_cv_prog_compiler_pic_works=yes
lt_cv_prog_compiler_rtti_exceptions=no
lt_cv_prog_compiler_static_works=yes
lt_cv_prog_gnu_ld=yes
lt_cv_sharedlib_from_linklib_cmd='printf %s\n'
lt_cv_shlibpath_overrides_runpath=yes
lt_cv_sys_global_symbol_pipe='sed -n -e '\''s/^.*[	 ]\([ABCDGIRSTW][ABCDGIRSTW]*\)[	 ][	 ]*\([_A-Za-z][_A-Za-z0-9]*\)$/\1 \2 \2/p'\'' | sed '\''/ __gnu_lto/d'\'''
lt_cv_sys_global_symbol_to_c_name_address='sed -n -e '\''s/^: \(.*\) .*$/  {"\1", (void *) 0},/p'\'' -e '\''s/^[ABCDGIRSTW][ABCDGIRSTW]* .* \(.*\)$/  {"\1", (void *) \&\1},/p'\'''
lt_cv_sys_global_symbol_to_c_name_address_lib_prefix='sed -n -e '\''s/^: \(.*\) .*$/  {"\1", (void *) 0},/p'\'' -e '\''s/^[ABCDGIRSTW][ABCDGIRSTW]* .* \(lib.*\)$/  {"\1", (void *) \&\1},/p'\'' -e '\''s/^[ABCDGIRSTW][ABCDGIRSTW]* .* \(.*\)$/  {"lib\1", (void *) \&\1},/p'\'''
lt_cv_sys_global_symbol_to_cdecl='sed -n -e '\''s/^T .* \(.*\)$/extern int \1();/p'\'' -e '\''s/^[ABCDGIRSTW][ABCDGIRSTW]* .* \(.*\)$/extern char \1;/p'\'''
lt_cv_sys_global_symbol_to_import=
lt_cv_sys_max_cmd_len=1572864
lt_cv_to_host_file_cmd=func_convert_file_noop
lt_cv_to_tool_file_cmd=func_convert_file_noop
lt_cv_truncate_bin='/usr/bin/dd bs=4096 count=1'

## ----------------- ##
## Output variables. ##
## ----------------- ##

ACLOCAL='${SHELL} /home/estalvgs/Documentos/tec/ce5303-sistemas-embebidos/CE5303-embedded-systems-studio/assignment_04/sample/home/user/libhello/build-aux/missing aclocal-1.16'
AMDEPBACKSLASH='\'
AMDEP_FALSE='#'
AMDEP_TRUE=''
AMTAR='$${TAR-tar}'
AM_BACKSLASH='\'
AM_DEFAULT_V='$(AM_DEFAULT_VERBOSITY)'
AM_DEFAULT_VERBOSITY='1'
AM_V='$(V)'
AR='ar'
AUTOCONF='${SHELL} /home/estalvgs/Documentos/tec/ce5303-sistemas-embebidos/CE5303-embedded-systems-studio/assignment_04/sample/home/user/libhello/build-aux/missing autoconf'
AUTOHEADER='${SHELL} /home/estalvgs/Documentos/tec/ce5303-sistemas-embebidos/CE5303-embedded-systems-studio/assignment_04/sample/home/user/libhello/build-aux/missing autoheader'
AUTOMAKE='${SHELL} /home/estalvgs/Documentos/tec/ce5303-sistemas-embebidos/CE5303-embedded-systems-studio/assignment_04/sample/home/user/libhello/build-aux/missing automake-1.16'
AWK='gawk'
CC='gcc'
CCDEPMODE='depmode=gcc3'
CFLAGS='-g -O2'
CPP='gcc -E'
CPPFLAGS=''
CYGPATH_W='echo'
DEFS='-DHAVE_CONFIG_H'
DEPDIR='.deps'
DLLTOOL='false'
DSYMUTIL=''
DUMPBIN=''
ECHO_C=''
ECHO_N='-n'
ECHO_T=''
EGREP='/usr/bin/grep -E'
EXEEXT=''
FGREP='/usr/bin/grep -F'
GREP='/usr/bin/grep'
INSTALL_DATA='${INSTALL} -m 644'
INSTALL_PROGRAM='${INSTALL}'
INSTALL_SCRIPT='${INSTALL}'
INSTALL_STRIP_PROGRAM='$(install_sh) -c -s'
LD='/usr/bin/ld -m elf_x86_64'
LDFLAGS=''
LIBOBJS=''
LIBS=''
LIBTOOL='$(SHELL) $(top_builddir)/libtool'
LIPO=''
LN_S='ln -s'
LTLIBOBJS=''
LT_SYS_LIBRARY_PATH=''
MAKEINFO='${SHELL} /home/estalvgs/Documentos/tec/ce5303-sistemas-embebidos/CE5303-embedded-systems-studio/assignment_04/sample/home/user/libhello/build-aux/missing makeinfo'
MANIFEST_TOOL=':'
MKDIR_P='/usr/bin/mkdir -p'
NM='/usr/bin/nm -B'
NMEDIT=''
OBJDUMP='objdump'
OBJEXT='o'
OTOOL64=''
OTOOL=''
PACKAGE='libhello'
PACKAGE_BUGREPORT='estalvgs1999@estudiantec.cr'
PACKAGE_NAME='libhello'
PACKAGE_STRING='libhello 1.0'
PACKAGE_TARNAME='libhello'
PACKAGE_URL=''
PACKAGE_VERSION='1.0'
PATH_SEPARATOR=':'
RANLIB='ranlib'
SED='/usr/bin/sed'
SET_MAKE=''
SHELL='/bin/bash'
STRIP='strip'
VERSION='1.0'
ac_ct_AR='ar'
ac_ct_CC='gcc'
ac_ct_DUMPBIN=''
am__EXEEXT_FALSE=''
am__EXEEXT_TRUE='#'
am__fastdepCC_FALSE='#'
am__fastdepCC_TRUE=''
am__include='include'
am__isrc=' -I$(srcdir)'
am__leading_dot='.'
am__nodep='_no'
am__quote=''
am__tar='$${TAR-tar} chof - "$$tardir"'
am__untar='$${TAR-tar} xf -'
bindir='${exec_prefix}/bin'
build='x86_64-pc-linux-gnu'
build_alias=''
build_cpu='x86_64'
build_os='linux-gnu'
build_vendor='pc'
datadir='${datarootdir}'
datarootdir='${prefix}/share'
docdir='${datarootdir}/doc/${PACKAGE_TARNAME}'
dvidir='${docdir}'
exec_prefix='${prefix}'
host='x86_64-pc-linux-gnu'
host_alias=''
host_cpu='x86_64'
host_os='linux-gnu'
host_vendor='pc'
htmldir='${docdir}'
includedir='${prefix}/include'
infodir='${datarootdir}/info'
install_sh='${SHELL} /home/estalvgs/Documentos/tec/ce5303-sistemas-embebidos/CE5303-embedded-systems-studio/assignment_04/sample/home/user/libhello/build-aux/install-sh'
libdir='${exec_prefix}/lib'
libexecdir='${exec_prefix}/libexec'
localedir='${datarootdir}/locale'
localstatedir='${prefix}/var'
mandir='${datarootdir}/man'
mkdir_p='$(MKDIR_P)'
oldincludedir='/usr/include'
pdfdir='${docdir}'
prefix='/home/estalvgs/Documentos/tec/ce5303-sistemas-embebidos/CE5303-embedded-systems-studio/assignment_04/sample/home/user/libhello/build/usr'
program_transform_name='s,x,x,'
psdir='${docdir}'
runstatedir='${localstatedir}/run'
sbindir='${exec_prefix}/sbin'
sharedstatedir='${prefix}/com'
sysconfdir='${prefix}/etc'
target_alias=''

## ----------- ##
## confdefs.h. ##
## ----------- ##

/* confdefs.h */
#define PACKAGE_NAME "libhello"
#define PACKAGE_TARNAME "libhello"
#define PACKAGE_VERSION "1.0"
#define PACKAGE_STRING "libhello 1.0"
#define PACKAGE_BUGREPORT "estalvgs1999@estudiantec.cr"
#define PACKAGE_URL ""
#define PACKAGE "libhello"
#define VERSION "1.0"
#define STDC_HEADERS 1
#define HAVE_SYS_TYPES_H 1
#define HAVE_SYS_STAT_H 1
#define HAVE_STDLIB_H 1
#define HAVE_STRING_H 1
#define HAVE_MEMORY_H 1
#define HAVE_STRINGS_H 1
#define HAVE_INTTYPES_H 1
#define HAVE_STDINT_H 1
#define HAVE_UNISTD_H 1
#define HAVE_DLFCN_H 1
#define LT_OBJDIR ".libs/"

configure: exit 0
